2025-07-22 12:48:25,014 - __main__ - INFO - Запуск бота...
2025-07-22 12:48:25,183 - __main__ - INFO - Бот @Nutri101_bot запущен
2025-07-22 12:48:25,275 - root - INFO - Успешно загружено 108 продуктов
2025-07-22 12:48:25,275 - __main__ - INFO - Загружено продуктов: 108
2025-07-22 12:48:52,270 - TeleBot - ERROR - Infinity polling: polling exited
2025-07-22 12:48:52,270 - TeleBot - ERROR - Break infinity polling
2025-07-22 12:48:52,272 - __main__ - INFO - Запуск бота...
2025-07-22 12:48:52,325 - __main__ - INFO - Бот @Nutri101_bot запущен
2025-07-22 12:48:52,532 - __main__ - INFO - Загружено продуктов: 108
2025-07-22 12:48:55,600 - TeleBot - ERROR - Infinity polling: polling exited
2025-07-22 12:48:55,600 - TeleBot - ERROR - Break infinity polling
2025-07-22 12:48:55,600 - __main__ - INFO - Запуск бота...
2025-07-22 13:52:00,357 - __main__ - INFO - Запуск бота...
2025-07-22 13:52:00,546 - __main__ - INFO - Бот @Nutri101_bot запущен
2025-07-22 13:52:00,634 - root - INFO - Успешно загружено 108 продуктов
2025-07-22 13:52:00,635 - __main__ - INFO - Загружено продуктов: 108
2025-07-22 13:52:15,770 - utils.ai_model - INFO - Обновление IAM-токена...
2025-07-22 13:52:15,855 - utils.ai_model - INFO - IAM-токен успешно обновлен
2025-07-22 14:27:08,387 - TeleBot - ERROR - Infinity polling: polling exited
2025-07-22 14:27:08,387 - TeleBot - ERROR - Break infinity polling
2025-07-22 14:27:08,387 - __main__ - INFO - Запуск бота...
2025-07-22 14:27:08,531 - __main__ - INFO - Бот @Nutri101_bot запущен
2025-07-22 14:27:08,646 - __main__ - INFO - Загружено продуктов: 108
2025-07-22 14:27:19,141 - __main__ - INFO - Запуск бота...
2025-07-22 14:27:19,305 - __main__ - INFO - Бот @Nutri101_bot запущен
2025-07-22 14:27:19,397 - root - INFO - Успешно загружено 108 продуктов
2025-07-22 14:27:19,397 - __main__ - INFO - Загружено продуктов: 108
2025-07-22 14:28:21,516 - utils.ai_model - INFO - Обновление IAM-токена...
2025-07-22 14:28:21,550 - utils.ai_model - INFO - IAM-токен успешно обновлен
